<?xml version="1.0" encoding="UTF-8"?>
<!-- Generated by org.testng.reporters.JUnitXMLReporter -->
<testsuite hostname="kirit" name="Test" tests="3" failures="0" timestamp="5 Jun 2017 05:31:40 GMT" time="270.265" errors="0">
  <testcase name="Test" time="121.485" classname="TestCasesHW.TestCasesHW.ChallengeCreate"/>
  <testcase name="testCreateChallenge" time="42.618" classname="TestCasesHW.TestCasesHW.ChallengeCreate"/>
  <testcase name="testSignup" time="88.236" classname="TestCasesHW.TestCasesHW.SignUpTest"/>
</testsuite> <!-- Test -->
